<?xml version="1.0" encoding="UTF-8"?>
<testsuite xmlns:xsi="http://www.w3.org/2001/XMLSchema-instance" xsi:schemaLocation="https://maven.apache.org/surefire/maven-surefire-plugin/xsd/surefire-test-report.xsd" name="com.polytech.serenity.AcceptanceTests" time="14.879" tests="1" errors="1" skipped="0" failures="0">
  <properties>
[...]
</properties>
  <testcase name="Chercher avec le nom" classname="Consulter une superstar" time="10.741">
    <error message="The following error occurred: no such element: Unable to locate element: {&quot;method&quot;:&quot;xpath&quot;,&quot;selector&quot;:&quot;/html/body/div[8]/div[1]/div/div[4]/a[1]&quot;}&#10;  (Session info: chrome=67.0.3396.99)&#10;  (Driver info: chromedriver=2.41.578700 (2f1ed5f9343c13f73144538f15c00b370eda6706),platform=Linux 4.9.0-6-amd64 x86_64) (WARNING: The server did not provide any stacktrace information)&#10;Command duration or timeout: 0 milliseconds&#10;For documentation on this error, please visit: http://seleniumhq.org/exceptions/no_such_element.html&#10;Build info: version: &apos;3.7.1&apos;, revision: &apos;8a0099a&apos;, time: &apos;2017-11-06T21:01:39.354Z&apos;&#10;System info: host: &apos;clodion04&apos;, ip: &apos;172.26.17.131&apos;, os.name: &apos;Linux&apos;, os.arch: &apos;amd64&apos;, os.version: &apos;4.9.0-6-amd64&apos;, java.version: &apos;1.8.0_191&apos;&#10;Driver info: org.openqa.selenium.remote.RemoteWebDriver&#10;Capabilities {acceptInsecureCerts: false, acceptSslCerts: false, applicationCacheEnabled: false, browserConnectionEnabled: false, browserName: chrome, chrome: {chromedriverVersion: 2.41.578700 (2f1ed5f9343c13..., userDataDir: /tmp/.org.chromium.Chromium...}, cssSelectorsEnabled: true, databaseEnabled: false, goog:chromeOptions: {debuggerAddress: localhost:34677}, handlesAlerts: true, hasTouchScreen: false, javascriptEnabled: true, locationContextEnabled: true, mobileEmulationEnabled: false, nativeEvents: true, networkConnectionEnabled: false, pageLoadStrategy: normal, platform: LINUX, platformName: LINUX, rotatable: false, setWindowRect: true, takesHeapSnapshot: true, takesScreenshot: true, unexpectedAlertBehaviour: , unhandledPromptBehavior: , version: 67.0.3396.99, webStorageEnabled: true}&#10;Session ID: 7ac4edffc3db278d378c3cf3f8df4d89&#10;*** Element info: {Using=xpath, value=/html/body/div[8]/div[1]/div/div[4]/a[1]}" type="net.serenitybdd.core.exceptions.SerenityManagedException">net.serenitybdd.core.exceptions.SerenityManagedException: 
The following error occurred: no such element: Unable to locate element: {"method":"xpath","selector":"/html/body/div[8]/div[1]/div/div[4]/a[1]"}
  (Session info: chrome=67.0.3396.99)
  (Driver info: chromedriver=2.41.578700 (2f1ed5f9343c13f73144538f15c00b370eda6706),platform=Linux 4.9.0-6-amd64 x86_64) (WARNING: The server did not provide any stacktrace information)
Command duration or timeout: 0 milliseconds
For documentation on this error, please visit: http://seleniumhq.org/exceptions/no_such_element.html
Build info: version: '3.7.1', revision: '8a0099a', time: '2017-11-06T21:01:39.354Z'
System info: host: 'clodion04', ip: '172.26.17.131', os.name: 'Linux', os.arch: 'amd64', os.version: '4.9.0-6-amd64', java.version: '1.8.0_191'
Driver info: org.openqa.selenium.remote.RemoteWebDriver
Capabilities {acceptInsecureCerts: false, acceptSslCerts: false, applicationCacheEnabled: false, browserConnectionEnabled: false, browserName: chrome, chrome: {chromedriverVersion: 2.41.578700 (2f1ed5f9343c13..., userDataDir: /tmp/.org.chromium.Chromium...}, cssSelectorsEnabled: true, databaseEnabled: false, goog:chromeOptions: {debuggerAddress: localhost:34677}, handlesAlerts: true, hasTouchScreen: false, javascriptEnabled: true, locationContextEnabled: true, mobileEmulationEnabled: false, nativeEvents: true, networkConnectionEnabled: false, pageLoadStrategy: normal, platform: LINUX, platformName: LINUX, rotatable: false, setWindowRect: true, takesHeapSnapshot: true, takesScreenshot: true, unexpectedAlertBehaviour: , unhandledPromptBehavior: , version: 67.0.3396.99, webStorageEnabled: true}
Session ID: 7ac4edffc3db278d378c3cf3f8df4d89
*** Element info: {Using=xpath, value=/html/body/div[8]/div[1]/div/div[4]/a[1]}
</error>
    <system-out><![CDATA[WebDriverFacade for chrome
]]></system-out>
    <system-err><![CDATA[[main] INFO net.serenitybdd.core.Serenity - &amp#27;[36m

-------------------------------------------------------------------------------------
     _______. _______ .______       _______ .__   __.  __  .___________.____    ____ 
    /       ||   ____||   _  \     |   ____||  \ |  | |  | |           |\   \  /   / 
   |   (----`|  |__   |  |_)  |    |  |__   |   \|  | |  | `---|  |----` \   \/   /  
    \   \    |   __|  |      /     |   __|  |  . `  | |  |     |  |       \_    _/   
.----)   |   |  |____ |  |\  \----.|  |____ |  |\   | |  |     |  |         |  |     
|_______/    |_______|| _| `._____||_______||__| \__| |__|     |__|         |__|    
                                                                                     
 News and tutorials at http://www.serenity-bdd.info                                  
 Documentation at https://wakaleo.gitbooks.io/the-serenity-book/content/             
 Join the Serenity Community on Rocket Chat at https://serenity-bdd.rocket.chat      
 Serenity BDD Support and Training at http://serenity-bdd.info/#/trainingandsupport  
 Learn Serenity BDD online at http://serenity-dojo.com                               
-------------------------------------------------------------------------------------
&amp#27;[0m
[main] INFO net.serenitybdd.core.Serenity - Test Suite Started: Chercher le shop d'une superstar
[main] INFO net.serenitybdd.core.Serenity - Test Suite Started: Consulter le panier
[main] INFO net.serenitybdd.core.Serenity - Test Suite Started: Consulter un article
[main] INFO net.serenitybdd.core.Serenity - Test Suite Started: Gerer le panier
[main] INFO net.serenitybdd.core.Serenity - Test Suite Started: Chercher un evenement
[main] INFO net.serenitybdd.core.Serenity - Test Suite Started: Consulter un evenement
[main] INFO net.serenitybdd.core.Serenity - Test Suite Started: Filtrer un evenement
[main] INFO net.serenitybdd.core.Serenity - Test Suite Started: Consulter un champion
[main] INFO net.serenitybdd.core.Serenity - Test Suite Started: Consulter une superstar
[main] INFO net.serenitybdd.core.Serenity - Test Suite Started: Filtrer les superstars
[main] INFO net.serenitybdd.core.Serenity - 
 _____ _____ ____ _____   ____ _____  _    ____ _____ _____ ____  
|_   _| ____/ ___|_   _| / ___|_   _|/ \  |  _ \_   _| ____|  _ \ 
  | | |  _| \___ \ | |   \___ \ | | / _ \ | |_) || | |  _| | | | |
  | | | |___ ___) || |    ___) || |/ ___ \|  _ < | | | |___| |_| |
  |_| |_____|____/ |_|   |____/ |_/_/   \_\_| \_\|_| |_____|____/ 
                                                                  

TEST STARTED: Chercher avec le nom
-------------------------------------------------------------------(consulter-une-superstar;chercher-avec-le-nom)
Starting ChromeDriver 2.41.578700 (2f1ed5f9343c13f73144538f15c00b370eda6706) on port 2330
Only local connections are allowed.
déc. 10, 2018 3:21:54 PM org.openqa.selenium.remote.ProtocolHandshake createSession
INFOS: Detected dialect: OSS
[main] ERROR net.serenitybdd.core.Serenity - 
           __  _____ _____ ____ _____   _____ _    ___ _     _____ ____  
  _       / / |_   _| ____/ ___|_   _| |  ___/ \  |_ _| |   | ____|  _ \ 
 (_)_____| |    | | |  _| \___ \ | |   | |_ / _ \  | || |   |  _| | | | |
  _|_____| |    | | | |___ ___) || |   |  _/ ___ \ | || |___| |___| |_| |
 (_)     | |    |_| |_____|____/ |_|   |_|/_/   \_\___|_____|_____|____/ 
          \_\                                                            

TEST FAILED WITH ERROR: Chercher avec le nom
---------------------------------------------------------------------
[main] ERROR net.serenitybdd.core.Serenity - TEST FAILED AT STEP Est sur la homepage
[main] ERROR net.serenitybdd.core.Serenity - The following error occurred: no such element: Unable to locate element: {"method":"xpath","selector":"/html/body/div[8]/div[1]/div/div[4]/a[1]"}  (Session info: chrome=67.0.3396.99)  (Driver info: chromedriver=2.41.578700 (2f1ed5f9343c13f73144538f15c00b370eda6706),platform=Linux 4.9.0-6-amd64 x86_64) (WARNING: The server did not provide any stacktrace information)Command duration or timeout: 0 millisecondsFor documentation on this error, please visit: http://seleniumhq.org/exceptionso_such_element.htmlBuild info: version: '3.7.1', revision: '8a0099a', time: '2017-11-06T21:01:39.354Z'System info: host: 'clodion04', ip: '172.26.17.131', os.name: 'Linux', os.arch: 'amd64', os.version: '4.9.0-6-amd64', java.version: '1.8.0_191'Driver info: org.openqa.selenium.remote.RemoteWebDriverCapabilities {acceptInsecureCerts: false, acceptSslCerts: false, applicationCacheEnabled: false, browserConnectionEnabled: false, browserName: chrome, chrome: {chromedriverVersion: 2.41.578700 (2f1ed5f9343c13..., userDataDir: /tmp/.org.chromium.Chromium...}, cssSelectorsEnabled: true, databaseEnabled: false, goog:chromeOptions: {debuggerAddress: localhost:34677}, handlesAlerts: true, hasTouchScreen: false, javascriptEnabled: true, locationContextEnabled: true, mobileEmulationEnabled: false, nativeEvents: true, networkConnectionEnabled: false, pageLoadStrategy: normal, platform: LINUX, platformName: LINUX, rotatable: false, setWindowRect: true, takesHeapSnapshot: true, takesScreenshot: true, unexpectedAlertBehaviour: , unhandledPromptBehavior: , version: 67.0.3396.99, webStorageEnabled: true}Session ID: 7ac4edffc3db278d378c3cf3f8df4d89*** Element info: {Using=xpath, value=/html/body/div[8]/div[1]/div/div[4]/a[1]}For documentation on this error, please visit: http://seleniumhq.org/exceptionso_such_element.htmlBuild info: version: '3.7.1', revision: '8a0099a', time: '2017-11-06T21:01:39.354Z'System info: host: 'clodion04', ip: '172.26.17.131', os.name: 'Linux', os.arch: 'amd64', os.version: '4.9.0-6-amd64', java.version: '1.8.0_191'Driver info: driver.version: unknown
]]></system-err>
  </testcase>
</testsuite>